2025-12-18 03:30:08,005 [INFO] Starting daily pull for all symbols...
2025-12-18 03:30:08,823 [WARNING] No data returned for AAPL
2025-12-18 03:30:24,257 [WARNING] No data returned for MSFT
2025-12-18 03:30:39,824 [WARNING] No data returned for GOOGL
2025-12-18 03:30:55,248 [WARNING] No data returned for AMZN
2025-12-24 23:31:18,596 [INFO] Starting daily pull for all symbols...
2025-12-24 23:31:18,837 [WARNING] No data returned for AAPL
2025-12-24 23:31:34,056 [WARNING] No data returned for MSFT
2025-12-24 23:31:49,274 [WARNING] No data returned for GOOGL
2025-12-24 23:32:04,523 [WARNING] No data returned for AMZN
2025-12-24 23:32:19,815 [WARNING] No data returned for TSLA
2025-12-24 23:32:34,818 [INFO] Daily pull completed.
2025-12-30 22:16:15,720 [INFO] Starting daily pull for all symbols...
2025-12-30 22:16:16,309 [WARNING] No data returned for AAPL
2025-12-30 22:16:32,936 [WARNING] No data returned for MSFT
2025-12-30 22:16:48,271 [WARNING] No data returned for GOOGL
2025-12-30 22:17:03,710 [WARNING] No data returned for AMZN
2025-12-30 22:17:19,096 [WARNING] No data returned for TSLA
2025-12-30 22:17:34,099 [INFO] Daily pull completed.
2025-12-30 22:22:54,425 [INFO] Starting daily pull for all symbols...
2025-12-30 22:22:55,293 [WARNING] No data returned for AAPL
2025-12-30 22:23:10,663 [WARNING] No data returned for MSFT
2025-12-30 22:23:26,220 [WARNING] No data returned for GOOGL
2025-12-30 22:23:41,786 [WARNING] No data returned for AMZN
2025-12-30 22:23:57,248 [WARNING] No data returned for TSLA
2025-12-30 22:24:12,251 [INFO] Daily pull completed.
