2025-12-18 02:25:17,275 [INFO] Starting daily pull for all symbols...
2025-12-18 02:25:17,922 [WARNING] No data returned for AAPL
2025-12-18 02:25:33,170 [WARNING] No data returned for MSFT
2025-12-18 02:25:48,463 [WARNING] No data returned for GOOGL
2025-12-18 02:26:03,935 [WARNING] No data returned for AMZN
2025-12-18 02:26:19,216 [WARNING] No data returned for TSLA
2025-12-18 02:26:34,219 [INFO] Daily pull completed.
2025-12-18 03:11:18,689 [INFO] Starting daily pull for all symbols...
2025-12-18 03:11:19,377 [WARNING] No data returned for AAPL
2025-12-18 03:11:35,044 [WARNING] No data returned for MSFT
2025-12-18 03:11:52,861 [WARNING] No data returned for GOOGL
2025-12-18 03:12:08,636 [WARNING] No data returned for AMZN
2025-12-18 03:12:25,425 [WARNING] No data returned for TSLA
2025-12-18 03:12:40,429 [INFO] Daily pull completed.
2026-01-05 21:57:22,970 [INFO] Starting daily pull for all symbols...
2026-01-05 21:57:23,641 [WARNING] No data returned for AAPL
2026-01-05 21:57:38,969 [WARNING] No data returned for MSFT
2026-01-05 21:58:18,797 [INFO] Starting daily pull for all symbols...
2026-01-05 21:58:19,069 [WARNING] No data returned for AAPL
2026-01-05 21:58:34,308 [WARNING] No data returned for MSFT
2026-01-05 21:58:49,655 [WARNING] No data returned for GOOGL
2026-01-05 21:59:04,877 [WARNING] No data returned for AMZN
2026-01-05 21:59:20,128 [WARNING] No data returned for TSLA
2026-01-05 21:59:35,131 [INFO] Daily pull completed.
